2021-11-04 19:42:43,206 [Test worker      ] INFO  c.k.endtoendtest.configuration.Configuration  [correlationId=] [mpaId=] [cardId=] [email=] Load Properties 
2021-11-04 19:42:43,221 [Test worker      ] INFO  c.k.endtoendtest.specification.APITestSpec    [correlationId=] [mpaId=] [cardId=] [email=] Setup Spec method executed... 
2021-11-04 19:42:43,230 [Test worker      ] INFO  c.k.endtoendtest.specification.APITestSpec    [correlationId=] [mpaId=] [cardId=] [email=] 

============================== Scenario - (001) Get User Info ==============================
 
2021-11-04 19:42:43,431 [Test worker      ] INFO  c.k.e.h.UserRegistrationRequestHelper         [correlationId=] [mpaId=] [cardId=] [email=] 
Request URL: https://reqres.in/api/users
Request data : {"page":2} 
2021-11-04 19:42:44,374 [Test worker      ] INFO  c.k.e.h.UserRegistrationRequestHelper         [correlationId=] [mpaId=] [cardId=] [email=] 
Response data : {"data":[{"avatar":"https://reqres.in/img/faces/7-image.jpg","email":"michael.lawson@reqres.in","first_name":"Michael","id":7,"last_name":"Lawson"},{"avatar":"https://reqres.in/img/faces/8-image.jpg","email":"lindsay.ferguson@reqres.in","first_name":"Lindsay","id":8,"last_name":"Ferguson"},{"avatar":"https://reqres.in/img/faces/9-image.jpg","email":"tobias.funke@reqres.in","first_name":"Tobias","id":9,"last_name":"Funke"},{"avatar":"https://reqres.in/img/faces/10-image.jpg","email":"byron.fields@reqres.in","first_name":"Byron","id":10,"last_name":"Fields"},{"avatar":"https://reqres.in/img/faces/11-image.jpg","email":"george.edwards@reqres.in","first_name":"George","id":11,"last_name":"Edwards"},{"avatar":"https://reqres.in/img/faces/12-image.jpg","email":"rachel.howell@reqres.in","first_name":"Rachel","id":12,"last_name":"Howell"}],"page":2,"per_page":6,"support":{"text":"To keep ReqRes free, contributions towards server costs are appreciated!","url":"https://reqres.in/#support-heading"},"total":12,"total_pages":2} 
2021-11-04 19:43:25,874 [Test worker      ] INFO  c.k.endtoendtest.configuration.Configuration  [correlationId=] [mpaId=] [cardId=] [email=] Load Properties 
2021-11-04 19:43:25,893 [Test worker      ] INFO  c.k.endtoendtest.specification.APITestSpec    [correlationId=] [mpaId=] [cardId=] [email=] Setup Spec method executed... 
2021-11-04 19:43:25,908 [Test worker      ] INFO  c.k.endtoendtest.specification.APITestSpec    [correlationId=] [mpaId=] [cardId=] [email=] 

============================== Scenario - (001) Get User Info ==============================
 
2021-11-04 19:43:26,141 [Test worker      ] INFO  c.k.e.h.UserRegistrationRequestHelper         [correlationId=] [mpaId=] [cardId=] [email=] 
Request URL: https://reqres.in/api/users
Request data : {"page":2} 
2021-11-04 19:43:26,777 [Test worker      ] INFO  c.k.e.h.UserRegistrationRequestHelper         [correlationId=] [mpaId=] [cardId=] [email=] 
Response data : {"data":[{"avatar":"https://reqres.in/img/faces/7-image.jpg","email":"michael.lawson@reqres.in","first_name":"Michael","id":7,"last_name":"Lawson"},{"avatar":"https://reqres.in/img/faces/8-image.jpg","email":"lindsay.ferguson@reqres.in","first_name":"Lindsay","id":8,"last_name":"Ferguson"},{"avatar":"https://reqres.in/img/faces/9-image.jpg","email":"tobias.funke@reqres.in","first_name":"Tobias","id":9,"last_name":"Funke"},{"avatar":"https://reqres.in/img/faces/10-image.jpg","email":"byron.fields@reqres.in","first_name":"Byron","id":10,"last_name":"Fields"},{"avatar":"https://reqres.in/img/faces/11-image.jpg","email":"george.edwards@reqres.in","first_name":"George","id":11,"last_name":"Edwards"},{"avatar":"https://reqres.in/img/faces/12-image.jpg","email":"rachel.howell@reqres.in","first_name":"Rachel","id":12,"last_name":"Howell"}],"page":2,"per_page":6,"support":{"text":"To keep ReqRes free, contributions towards server costs are appreciated!","url":"https://reqres.in/#support-heading"},"total":12,"total_pages":2} 
2021-11-04 19:44:26,000 [Test worker      ] INFO  c.k.endtoendtest.configuration.Configuration  [correlationId=] [mpaId=] [cardId=] [email=] Load Properties 
2021-11-04 19:44:26,013 [Test worker      ] INFO  c.k.endtoendtest.specification.APITestSpec    [correlationId=] [mpaId=] [cardId=] [email=] Setup Spec method executed... 
2021-11-04 19:44:26,028 [Test worker      ] INFO  c.k.endtoendtest.specification.APITestSpec    [correlationId=] [mpaId=] [cardId=] [email=] 

============================== Scenario - (001) Get User Info ==============================
 
2021-11-04 19:44:26,216 [Test worker      ] INFO  c.k.e.h.UserRegistrationRequestHelper         [correlationId=] [mpaId=] [cardId=] [email=] 
Request URL: https://reqres.in/api/users
Request data : {"page":2} 
2021-11-04 19:44:31,075 [Test worker      ] INFO  c.k.e.h.UserRegistrationRequestHelper         [correlationId=] [mpaId=] [cardId=] [email=] 
Response data : {"data":[{"avatar":"https://reqres.in/img/faces/7-image.jpg","email":"michael.lawson@reqres.in","first_name":"Michael","id":7,"last_name":"Lawson"},{"avatar":"https://reqres.in/img/faces/8-image.jpg","email":"lindsay.ferguson@reqres.in","first_name":"Lindsay","id":8,"last_name":"Ferguson"},{"avatar":"https://reqres.in/img/faces/9-image.jpg","email":"tobias.funke@reqres.in","first_name":"Tobias","id":9,"last_name":"Funke"},{"avatar":"https://reqres.in/img/faces/10-image.jpg","email":"byron.fields@reqres.in","first_name":"Byron","id":10,"last_name":"Fields"},{"avatar":"https://reqres.in/img/faces/11-image.jpg","email":"george.edwards@reqres.in","first_name":"George","id":11,"last_name":"Edwards"},{"avatar":"https://reqres.in/img/faces/12-image.jpg","email":"rachel.howell@reqres.in","first_name":"Rachel","id":12,"last_name":"Howell"}],"page":2,"per_page":6,"support":{"text":"To keep ReqRes free, contributions towards server costs are appreciated!","url":"https://reqres.in/#support-heading"},"total":12,"total_pages":2} 
2021-11-04 19:45:08,190 [Test worker      ] INFO  c.k.endtoendtest.configuration.Configuration  [correlationId=] [mpaId=] [cardId=] [email=] Load Properties 
2021-11-04 19:45:08,203 [Test worker      ] INFO  c.k.endtoendtest.specification.APITestSpec    [correlationId=] [mpaId=] [cardId=] [email=] Setup Spec method executed... 
2021-11-04 19:45:08,219 [Test worker      ] INFO  c.k.endtoendtest.specification.APITestSpec    [correlationId=] [mpaId=] [cardId=] [email=] 

============================== Scenario - (001) Get User Info ==============================
 
2021-11-04 19:45:08,419 [Test worker      ] INFO  c.k.e.h.UserRegistrationRequestHelper         [correlationId=] [mpaId=] [cardId=] [email=] 
Request URL: https://reqres.in/api/users
Request data : {"page":2} 
2021-11-04 19:45:09,001 [Test worker      ] INFO  c.k.e.h.UserRegistrationRequestHelper         [correlationId=] [mpaId=] [cardId=] [email=] 
Response data : {"data":[{"avatar":"https://reqres.in/img/faces/7-image.jpg","email":"michael.lawson@reqres.in","first_name":"Michael","id":7,"last_name":"Lawson"},{"avatar":"https://reqres.in/img/faces/8-image.jpg","email":"lindsay.ferguson@reqres.in","first_name":"Lindsay","id":8,"last_name":"Ferguson"},{"avatar":"https://reqres.in/img/faces/9-image.jpg","email":"tobias.funke@reqres.in","first_name":"Tobias","id":9,"last_name":"Funke"},{"avatar":"https://reqres.in/img/faces/10-image.jpg","email":"byron.fields@reqres.in","first_name":"Byron","id":10,"last_name":"Fields"},{"avatar":"https://reqres.in/img/faces/11-image.jpg","email":"george.edwards@reqres.in","first_name":"George","id":11,"last_name":"Edwards"},{"avatar":"https://reqres.in/img/faces/12-image.jpg","email":"rachel.howell@reqres.in","first_name":"Rachel","id":12,"last_name":"Howell"}],"page":2,"per_page":6,"support":{"text":"To keep ReqRes free, contributions towards server costs are appreciated!","url":"https://reqres.in/#support-heading"},"total":12,"total_pages":2} 
